<?xml version="1.0" encoding="UTF-8"?>
<testng-results skipped="0" failed="0" ignored="0" total="1" passed="1">
  <reporter-output>
  </reporter-output>
  <suite name="Default suite" duration-ms="9586" started-at="2018-11-04T04:25:55Z" finished-at="2018-11-04T04:26:04Z">
    <groups>
    </groups>
    <test name="Default test" duration-ms="9586" started-at="2018-11-04T04:25:55Z" finished-at="2018-11-04T04:26:04Z">
      <class name="in.licious.dataplanning.Compare_DB">
        <test-method status="PASS" signature="compareData()[pri:0, instance:in.licious.dataplanning.Compare_DB@66a3ffec]" name="compareData" duration-ms="9563" started-at="2018-11-04T09:55:55Z" finished-at="2018-11-04T09:56:04Z">
          <reporter-output>
          </reporter-output>
        </test-method> <!-- compareData -->
      </class> <!-- in.licious.dataplanning.Compare_DB -->
    </test> <!-- Default test -->
  </suite> <!-- Default suite -->
</testng-results>
